2025-01-15 20:18:49,591 - INFO - Procesando archivo: input/Pago-70274-2.pdf
2025-01-15 20:18:49,636 - WARNING - No se encontró tabla en input/Pago-70274-2.pdf
2025-01-15 20:18:49,636 - WARNING - No hay datos para generar el Excel
2025-01-15 20:21:30,297 - INFO - Procesando archivo: input/Pago-70274-2.pdf
2025-01-15 20:21:30,369 - INFO - Datos extraídos exitosamente de input/Pago-70274-2.pdf
2025-01-15 20:21:30,389 - INFO - Excel generado exitosamente: output/sears_extractions.xlsx
2025-01-15 20:24:32,457 - INFO - Procesando archivo: input/Pago-70274-2.pdf
2025-01-15 20:24:32,496 - WARNING - No se encontró tabla en input/Pago-70274-2.pdf
2025-01-15 20:24:32,496 - WARNING - No hay datos para generar el Excel
2025-01-15 20:26:37,571 - INFO - Procesando archivo: input/Pago-70274-2.pdf
2025-01-15 20:26:37,610 - INFO - Se procesaron 25 registros del archivo input/Pago-70274-2.pdf
2025-01-15 20:26:37,632 - INFO - Excel generado exitosamente: output/sears_extractions.xlsx
2025-01-15 20:28:21,007 - INFO - Procesando archivo: input/Pago-70274-2.pdf
2025-01-15 20:28:21,045 - INFO - Se procesaron 25 registros del archivo input/Pago-70274-2.pdf
2025-01-15 20:28:21,069 - INFO - Excel generado exitosamente: output/sears_extractions.xlsx
2025-01-15 20:35:51,181 - INFO - Procesando archivo: input/Pago-70274-2.pdf
2025-01-15 20:35:51,240 - INFO - Excel generado exitosamente: output/sears_extractions.xlsx
2025-01-15 20:36:34,130 - INFO - Procesando archivo: input/Pago-70274-2.pdf
2025-01-15 20:36:34,201 - INFO - Excel generado exitosamente: output/sears_extractions.xlsx
2025-01-15 20:39:26,744 - INFO - Procesando archivo: input/Pago-70274-2.pdf
2025-01-15 20:39:26,804 - INFO - Excel generado exitosamente: output/sears_extractions.xlsx
2025-01-15 20:39:35,107 - INFO - Procesando archivo: input/Pago-70274-2.pdf
2025-01-15 20:39:35,168 - INFO - Excel generado exitosamente: output/sears_extractions.xlsx
2025-01-15 20:40:09,832 - INFO - Procesando archivo: input/Pago-70274-2.pdf
2025-01-15 20:40:09,891 - INFO - Excel generado exitosamente: output/sears_extractions.xlsx
2025-01-15 20:42:10,814 - INFO - Procesando archivo: input/Copia de Pago-70274-2.pdf
2025-01-15 20:42:10,852 - INFO - Procesando archivo: input/Pago-70274-2.pdf
2025-01-15 20:42:10,911 - INFO - Excel generado exitosamente: output/sears_extractions.xlsx
2025-01-15 20:43:25,984 - INFO - Procesando archivo: input/Copia de Pago-70274-2.pdf
2025-01-15 20:43:26,032 - INFO - Procesando archivo: input/Pago-70274-2.pdf
2025-01-15 20:43:46,553 - INFO - Procesando archivo: input/Copia de Pago-70274-2.pdf
2025-01-15 20:43:46,615 - INFO - Procesando archivo: input/Pago-70274-2.pdf
2025-01-15 20:44:11,844 - INFO - Procesando archivo: input/Copia de Pago-70274-2.pdf
2025-01-15 20:44:11,884 - INFO - Procesando archivo: input/Pago-70274-2.pdf
2025-01-15 20:45:27,802 - INFO - Procesando archivo: input/Copia de Pago-70274-2.pdf
2025-01-15 20:45:27,850 - INFO - Procesando archivo: input/Pago-70274-2.pdf
2025-01-15 20:45:27,910 - INFO - Excel generado exitosamente: output/sears_extractions.xlsx
2025-01-15 20:45:43,371 - INFO - Procesando archivo: input/Copia de Pago-70274-2.pdf
2025-01-15 20:45:43,425 - INFO - Procesando archivo: input/Pago-70274-2.pdf
2025-01-15 20:45:43,477 - INFO - Excel generado exitosamente: output/sears_extractions.xlsx
2025-01-15 21:26:17,836 - INFO - Procesando archivo: input/Copia de Pago-70274-2.pdf
2025-01-15 21:26:17,875 - INFO - Procesando archivo: input/Pago-70274-2.pdf
2025-01-15 21:26:17,912 - INFO - Procesando archivo: input/Copia de Pago-70274-2 2.pdf
2025-01-15 21:26:17,950 - ERROR - Error al leer el archivo existente: Missing optional dependency 'openpyxl'.  Use pip or conda to install openpyxl.
2025-01-15 21:26:17,974 - INFO - Excel generado exitosamente: output/sears_extractions.xlsx
2025-01-15 21:30:03,248 - INFO - Procesando archivo: input/Pago-70274-2.pdf
2025-01-15 21:30:03,287 - ERROR - Error al leer el archivo existente: Missing optional dependency 'openpyxl'.  Use pip or conda to install openpyxl.
2025-01-15 21:30:03,308 - INFO - Excel generado exitosamente: output/sears_extractions.xlsx
2025-01-15 21:31:14,951 - INFO - Procesando archivo: input/Pago-70274-2.pdf
2025-01-15 21:31:16,193 - INFO - Archivo Excel existente leído correctamente.
2025-01-15 21:31:16,218 - INFO - Excel generado exitosamente: output/sears_extractions.xlsx
2025-01-15 21:31:18,872 - INFO - Procesando archivo: input/Pago-70274-2.pdf
2025-01-15 21:31:18,967 - INFO - Archivo Excel existente leído correctamente.
2025-01-15 21:31:18,981 - INFO - Excel generado exitosamente: output/sears_extractions.xlsx
2025-01-15 21:31:21,291 - INFO - Procesando archivo: input/Pago-70274-2.pdf
2025-01-15 21:31:21,383 - INFO - Archivo Excel existente leído correctamente.
2025-01-15 21:31:21,396 - INFO - Excel generado exitosamente: output/sears_extractions.xlsx
2025-01-15 21:33:22,830 - INFO - Procesando archivo: input/Pago-70274-2.pdf
2025-01-15 21:33:22,934 - INFO - Archivo Excel existente leído correctamente.
2025-01-15 21:33:22,958 - INFO - Excel generado exitosamente: output/sears_extractions.xlsx
2025-01-21 18:03:42,943 - INFO - Procesando archivo: input/Pago-71113.pdf
2025-01-21 18:03:43,018 - INFO - Excel generado exitosamente: output/sears_extractions.xlsx
2025-01-23 19:28:42,741 - INFO - Procesando archivo: input/Pago-71113.pdf
2025-01-23 19:28:42,803 - INFO - Excel generado exitosamente: output/sears_extractions.xlsx
